<?xml version="1.0" encoding="UTF-8"?>
<testsuite name="org.tron.p2p.dns.AlgorithmTest" tests="6" skipped="0" failures="0" errors="0" timestamp="2025-11-22T20:57:36" hostname="MBP-de-Rafael" time="0.103">
  <properties/>
  <testcase name="testEncode32" classname="org.tron.p2p.dns.AlgorithmTest" time="0.028"/>
  <testcase name="testEncode64" classname="org.tron.p2p.dns.AlgorithmTest" time="0.001"/>
  <testcase name="testSignatureAndVerify" classname="org.tron.p2p.dns.AlgorithmTest" time="0.052"/>
  <testcase name="testPublicKeyCompressAndUnCompress" classname="org.tron.p2p.dns.AlgorithmTest" time="0.001"/>
  <testcase name="testValidHash" classname="org.tron.p2p.dns.AlgorithmTest" time="0.0"/>
  <testcase name="testRecoverPublicKey" classname="org.tron.p2p.dns.AlgorithmTest" time="0.021"/>
  <system-out><![CDATA[]]></system-out>
  <system-err><![CDATA[]]></system-err>
</testsuite>
