<?xml version="1.0" encoding="UTF-8"?>
<testsuite name="org.tron.p2p.connection.ConnPoolServiceTest" tests="4" skipped="0" failures="0" errors="0" timestamp="2025-11-22T20:57:26" hostname="MBP-de-Rafael" time="1.079">
  <properties/>
  <testcase name="getNodes_orderByUpdateTimeDesc" classname="org.tron.p2p.connection.ConnPoolServiceTest" time="0.069"/>
  <testcase name="getNodes_chooseHomeNode" classname="org.tron.p2p.connection.ConnPoolServiceTest" time="0.0"/>
  <testcase name="getNodes_banNode" classname="org.tron.p2p.connection.ConnPoolServiceTest" time="1.007"/>
  <testcase name="getNodes_nodeInUse" classname="org.tron.p2p.connection.ConnPoolServiceTest" time="0.001"/>
  <system-out><![CDATA[17:57:26.164 [Test worker] DEBUG net - GetExternalIpV4 cost 237 ms
17:57:26.168 [getIp-2] WARN net - Fail to get ipv6 by http://6.ipw.cn/, cause:No route to host
17:57:26.168 [getIp-1] WARN net - Fail to get ipv6 by https://v6.ident.me, cause:No route to host
17:57:26.169 [getIp-3] WARN net - Fail to get ipv6 by https://api6.ipify.org, cause:No route to host
17:57:26.170 [getIp-4] WARN net - Fail to get ipv6 by https://ipv6.icanhazip.com, cause:No route to host
17:57:26.172 [Test worker] DEBUG net - GetExternalIpV6 cost 6 ms
17:57:26.191 [Test worker] DEBUG io.netty.util.internal.logging.InternalLoggerFactory - Using SLF4J as the default logging framework
17:57:26.192 [Test worker] DEBUG io.netty.channel.MultithreadEventLoopGroup - -Dio.netty.eventLoopThreads: 16
17:57:26.196 [Test worker] DEBUG io.netty.util.concurrent.GlobalEventExecutor - -Dio.netty.globalEventExecutor.quietPeriodSeconds: 1
17:57:26.200 [Test worker] DEBUG io.netty.util.internal.InternalThreadLocalMap - -Dio.netty.threadLocalMap.stringBuilder.initialSize: 1024
17:57:26.200 [Test worker] DEBUG io.netty.util.internal.InternalThreadLocalMap - -Dio.netty.threadLocalMap.stringBuilder.maxSize: 4096
17:57:26.212 [Test worker] DEBUG io.netty.util.internal.PlatformDependent0 - Java version: 17
17:57:26.212 [Test worker] DEBUG io.netty.util.internal.PlatformDependent0 - -Dio.netty.noUnsafe: false
17:57:26.212 [Test worker] DEBUG io.netty.util.internal.PlatformDependent0 - Thread.isVirtual() is not available: 
17:57:26.212 [Test worker] DEBUG io.netty.util.internal.PlatformDependent0 - java.lang.BaseVirtualThread is not available: 
17:57:26.213 [Test worker] DEBUG io.netty.util.internal.PlatformDependent0 - sun.misc.Unsafe.theUnsafe: available
17:57:26.213 [Test worker] DEBUG io.netty.util.internal.PlatformDependent0 - sun.misc.Unsafe base methods: all available
17:57:26.213 [Test worker] DEBUG io.netty.util.internal.PlatformDependent0 - sun.misc.Unsafe.storeFence: available
17:57:26.213 [Test worker] DEBUG io.netty.util.internal.PlatformDependent0 - java.nio.Buffer.address: available
17:57:26.214 [Test worker] DEBUG io.netty.util.internal.PlatformDependent0 - direct buffer constructor: unavailable: Reflective setAccessible(true) disabled
17:57:26.214 [Test worker] DEBUG io.netty.util.internal.PlatformDependent0 - java.nio.Bits.unaligned: available, true
17:57:26.214 [Test worker] DEBUG io.netty.util.internal.PlatformDependent0 - jdk.internal.misc.Unsafe.allocateUninitializedArray(int): unavailable: class io.netty.util.internal.PlatformDependent0$7 cannot access class jdk.internal.misc.Unsafe (in module java.base) because module java.base does not export jdk.internal.misc to unnamed module @3c60b7e7
17:57:26.215 [Test worker] DEBUG io.netty.util.internal.PlatformDependent0 - java.nio.DirectByteBuffer.<init>(long, {int,long}): unavailable
17:57:26.216 [Test worker] DEBUG io.netty.util.internal.PlatformDependent - sun.misc.Unsafe: available
17:57:26.216 [Test worker] DEBUG io.netty.util.internal.PlatformDependent - -Dio.netty.tmpdir: /var/folders/gt/5kzqfkwn5614_n0vlbww43gh0000gn/T (java.io.tmpdir)
17:57:26.216 [Test worker] DEBUG io.netty.util.internal.PlatformDependent - -Dio.netty.bitMode: 64 (sun.arch.data.model)
17:57:26.216 [Test worker] DEBUG io.netty.util.internal.PlatformDependent - Platform: MacOS
17:57:26.216 [Test worker] DEBUG io.netty.util.internal.PlatformDependent - -Dio.netty.maxDirectMemory: -1 bytes
17:57:26.216 [Test worker] DEBUG io.netty.util.internal.PlatformDependent - -Dio.netty.uninitializedArrayAllocationThreshold: -1
17:57:26.217 [Test worker] DEBUG io.netty.util.internal.CleanerJava9 - java.nio.ByteBuffer.cleaner(): available
17:57:26.217 [Test worker] DEBUG io.netty.util.internal.PlatformDependent - -Dio.netty.noPreferDirect: false
17:57:26.217 [Test worker] DEBUG io.netty.channel.nio.NioEventLoop - -Dio.netty.noKeySetOptimization: false
17:57:26.217 [Test worker] DEBUG io.netty.channel.nio.NioEventLoop - -Dio.netty.selectorAutoRebuildThreshold: 512
17:57:26.220 [PeerServer] DEBUG io.netty.util.internal.PlatformDependent - org.jctools-core.MpscChunkedArrayQueue: available
17:57:26.296 [PeerServer] INFO net - TCP listener started, bind port 10000
17:57:26.305 [PeerServer] DEBUG io.netty.channel.DefaultChannelId - -Dio.netty.processId: 47684 (auto-detected)
17:57:26.307 [PeerServer] DEBUG io.netty.util.NetUtil - -Djava.net.preferIPv4Stack: false
17:57:26.307 [PeerServer] DEBUG io.netty.util.NetUtil - -Djava.net.preferIPv6Addresses: false
17:57:26.308 [PeerServer] DEBUG io.netty.util.NetUtilInitializations - Loopback interface: lo0 (lo0, 0:0:0:0:0:0:0:1%lo0)
17:57:26.309 [PeerServer] DEBUG io.netty.util.NetUtil - Failed to get SOMAXCONN from sysctl and file /proc/sys/net/core/somaxconn. Default: 128
17:57:26.309 [PeerServer] DEBUG io.netty.channel.DefaultChannelId - -Dio.netty.machineId: 3c:06:30:ff:fe:2a:5a:e3 (auto-detected)
17:57:26.313 [PeerServer] DEBUG io.netty.util.ResourceLeakDetector - -Dio.netty.leakDetection.level: simple
17:57:26.313 [PeerServer] DEBUG io.netty.util.ResourceLeakDetector - -Dio.netty.leakDetection.targetRecords: 4
17:57:26.321 [PeerServer] DEBUG io.netty.buffer.PooledByteBufAllocator - -Dio.netty.allocator.numHeapArenas: 16
17:57:26.321 [PeerServer] DEBUG io.netty.buffer.PooledByteBufAllocator - -Dio.netty.allocator.numDirectArenas: 16
17:57:26.321 [PeerServer] DEBUG io.netty.buffer.PooledByteBufAllocator - -Dio.netty.allocator.pageSize: 8192
17:57:26.321 [PeerServer] DEBUG io.netty.buffer.PooledByteBufAllocator - -Dio.netty.allocator.maxOrder: 9
17:57:26.321 [PeerServer] DEBUG io.netty.buffer.PooledByteBufAllocator - -Dio.netty.allocator.chunkSize: 4194304
17:57:26.321 [PeerServer] DEBUG io.netty.buffer.PooledByteBufAllocator - -Dio.netty.allocator.smallCacheSize: 256
17:57:26.321 [PeerServer] DEBUG io.netty.buffer.PooledByteBufAllocator - -Dio.netty.allocator.normalCacheSize: 64
17:57:26.321 [PeerServer] DEBUG io.netty.buffer.PooledByteBufAllocator - -Dio.netty.allocator.maxCachedBufferCapacity: 32768
17:57:26.321 [PeerServer] DEBUG io.netty.buffer.PooledByteBufAllocator - -Dio.netty.allocator.cacheTrimInterval: 8192
17:57:26.322 [PeerServer] DEBUG io.netty.buffer.PooledByteBufAllocator - -Dio.netty.allocator.cacheTrimIntervalMillis: 0
17:57:26.322 [PeerServer] DEBUG io.netty.buffer.PooledByteBufAllocator - -Dio.netty.allocator.useCacheForAllThreads: false
17:57:26.322 [PeerServer] DEBUG io.netty.buffer.PooledByteBufAllocator - -Dio.netty.allocator.maxCachedByteBuffersPerChunk: 1023
17:57:26.322 [PeerServer] DEBUG io.netty.buffer.PooledByteBufAllocator - -Dio.netty.allocator.disableCacheFinalizersForFastThreadLocalThreads: false
17:57:26.325 [PeerServer] DEBUG io.netty.buffer.ByteBufUtil - -Dio.netty.allocator.type: pooled
17:57:26.325 [PeerServer] DEBUG io.netty.buffer.ByteBufUtil - -Dio.netty.threadLocalDirectBufferSize: 0
17:57:26.325 [PeerServer] DEBUG io.netty.buffer.ByteBufUtil - -Dio.netty.maxThreadLocalCharBufferSize: 16384
17:57:26.326 [PeerServer] DEBUG io.netty.bootstrap.ChannelInitializerExtensions - -Dio.netty.bootstrap.extensions: null
17:57:26.332 [peerBoss] DEBUG io.netty.handler.logging.LoggingHandler - [id: 0x2fa7f646] REGISTERED
17:57:26.333 [peerBoss] DEBUG io.netty.handler.logging.LoggingHandler - [id: 0x2fa7f646] BIND: 0.0.0.0/0.0.0.0:10000
17:57:26.334 [peerBoss] DEBUG io.netty.handler.logging.LoggingHandler - [id: 0x2fa7f646, L:/[0:0:0:0:0:0:0:0]:10000] ACTIVE
17:57:26.430 [connPool] DEBUG net - Lack size:8, connectNodes size:0, is disconnect trigger: false
17:57:27.305 [Test worker] INFO net - Closing TCP server...
17:57:27.308 [peerBoss] DEBUG io.netty.handler.logging.LoggingHandler - [id: 0x2fa7f646, L:/[0:0:0:0:0:0:0:0]:10000] CLOSE
17:57:27.309 [PeerServer] INFO net - TCP listener closed
17:57:27.310 [peerBoss] DEBUG io.netty.handler.logging.LoggingHandler - [id: 0x2fa7f646, L:/[0:0:0:0:0:0:0:0]:10000] INACTIVE
17:57:27.310 [peerBoss] DEBUG io.netty.handler.logging.LoggingHandler - [id: 0x2fa7f646, L:/[0:0:0:0:0:0:0:0]:10000] UNREGISTERED
]]></system-out>
  <system-err><![CDATA[]]></system-err>
</testsuite>
