<?xml version="1.0" encoding="UTF-8"?>
<testsuite name="org.tron.p2p.utils.ByteArrayTest" tests="2" skipped="0" failures="0" errors="0" timestamp="2025-11-22T20:58:30" hostname="MBP-de-Rafael" time="0.001">
  <properties/>
  <testcase name="testHexToString" classname="org.tron.p2p.utils.ByteArrayTest" time="0.001"/>
  <testcase name="testSubdomain" classname="org.tron.p2p.utils.ByteArrayTest" time="0.0"/>
  <system-out><![CDATA[]]></system-out>
  <system-err><![CDATA[]]></system-err>
</testsuite>
