<?xml version="1.0" encoding="UTF-8"?>
<testsuite name="org.tron.p2p.discover.protocol.kad.table.NodeEntryTest" tests="2" skipped="0" failures="0" errors="0" timestamp="2025-11-22T20:57:35" hostname="MBP-de-Rafael" time="0.002">
  <properties/>
  <testcase name="test" classname="org.tron.p2p.discover.protocol.kad.table.NodeEntryTest" time="0.001"/>
  <testcase name="testDistance" classname="org.tron.p2p.discover.protocol.kad.table.NodeEntryTest" time="0.001"/>
  <system-out><![CDATA[]]></system-out>
  <system-err><![CDATA[]]></system-err>
</testsuite>
